<?xml version="1.0" encoding="UTF-8"?>
<!-- Generated by org.testng.reporters.JUnitXMLReporter -->
<testsuite ignored="0" hostname="Srivarinis-MacBook-Air.local" failures="1" tests="1" name="Academic Calendar Test" time="0.797" errors="0" timestamp="2025-03-25T11:32:15 GMT-04:00">
  <testcase classname="com.sqcm.group4.Selenium.AcademicCalendarTest" name="testCase5" time="0.002">
    <failure type="java.lang.Error" message="Unresolved compilation problems: 
	The method initializationProp() is undefined for the type AcademicCalendarTest
	Cannot make a static reference to the non-static field driver
	Cannot make a static reference to the non-static field driver
	Cannot make a static reference to the non-static field driver
	Cannot make a static reference to the non-static field driver
	prop cannot be resolved
	prop cannot be resolved
	Cannot make a static reference to the non-static field driver
	prop cannot be resolved
	Cannot make a static reference to the non-static field driver
	Cannot make a static reference to the non-static field driver
	Cannot make a static reference to the non-static field driver
	Cannot make a static reference to the non-static field driver
	Cannot make a static reference to the non-static field driver
	Cannot make a static reference to the non-static field driver
	Cannot make a static reference to the non-static field driver
	Cannot make a static reference to the non-static field driver
	Cannot make a static reference to the non-static field driver
	Cannot make a static reference to the non-static field driver
	Cannot make a static reference to the non-static field driver
	Cannot make a static reference to the non-static field driver
	Cannot make a static reference to the non-static field driver
	Cannot make a static reference to the non-static field driver
	The method endSession() is undefined for the type AcademicCalendarTest
">
      <![CDATA[java.lang.Error: Unresolved compilation problems: 
The method initializationProp() is undefined for the type AcademicCalendarTest
Cannot make a static reference to the non-static field driver
Cannot make a static reference to the non-static field driver
Cannot make a static reference to the non-static field driver
Cannot make a static reference to the non-static field driver
prop cannot be resolved
prop cannot be resolved
Cannot make a static reference to the non-static field driver
prop cannot be resolved
Cannot make a static reference to the non-static field driver
Cannot make a static reference to the non-static field driver
Cannot make a static reference to the non-static field driver
Cannot make a static reference to the non-static field driver
Cannot make a static reference to the non-static field driver
Cannot make a static reference to the non-static field driver
Cannot make a static reference to the non-static field driver
Cannot make a static reference to the non-static field driver
Cannot make a static reference to the non-static field driver
Cannot make a static reference to the non-static field driver
Cannot make a static reference to the non-static field driver
Cannot make a static reference to the non-static field driver
Cannot make a static reference to the non-static field driver
Cannot make a static reference to the non-static field driver
The method endSession() is undefined for the type AcademicCalendarTest

at com.sqcm.group4.Selenium.AcademicCalendarTest.testCase5(AcademicCalendarTest.java:38)
at java.base/java.util.ArrayList.forEach(ArrayList.java:1596)
... Removed 25 stack frames]]>
    </failure>
  </testcase> <!-- testCase5 -->
</testsuite> <!-- Academic Calendar Test -->
