<?xml version="1.0" encoding="UTF-8"?>
<!-- Generated by org.testng.reporters.JUnitXMLReporter -->
<testsuite ignored="8" hostname="Srivarinis-MacBook-Air.local" failures="0" tests="5" name="Assignment Automation Tests" time="209.572" errors="0" timestamp="2025-03-25T19:40:45 GMT-04:00">
  <testcase classname="com.sqcm.group4.Selenium.TranscriptDownloadTest" name="downloadTranscriptTest" time="55.256"/>
  <testcase classname="com.sqcm.group4.Selenium.CanvasCalendarTest" name="verifyCanvasCalendarScenario" time="26.868"/>
  <testcase classname="com.sqcm.group4.Selenium.SpotInSnellTest" name="runScenario" time="5.472"/>
  <testcase classname="com.sqcm.group4.Selenium.DownloadDatasetTest" name="downloadDatasetTest" time="18.564"/>
  <testcase classname="com.sqcm.group4.Selenium.AcademicCalendarTest" name="academicCalendarScenarioTest" time="95.746"/>
  <testcase classname="com.sqcm.group4.Selenium.BaseTest" name="@BeforeSuite setupSuite" time="0.0">
    <ignored/>
  </testcase> <!-- @BeforeSuite setupSuite -->
  <testcase classname="com.sqcm.group4.Selenium.BaseTest" name="@BeforeSuite setupSuite" time="0.0">
    <ignored/>
  </testcase> <!-- @BeforeSuite setupSuite -->
  <testcase classname="com.sqcm.group4.Selenium.BaseTest" name="@BeforeSuite setupSuite" time="0.0">
    <ignored/>
  </testcase> <!-- @BeforeSuite setupSuite -->
  <testcase classname="com.sqcm.group4.Selenium.BaseTest" name="@AfterSuite tearDownSuite" time="0.0">
    <ignored/>
  </testcase> <!-- @AfterSuite tearDownSuite -->
  <testcase classname="com.sqcm.group4.Selenium.BaseTest" name="@AfterSuite tearDownSuite" time="0.0">
    <ignored/>
  </testcase> <!-- @AfterSuite tearDownSuite -->
  <testcase classname="com.sqcm.group4.Selenium.BaseTest" name="@AfterSuite tearDownSuite" time="0.0">
    <ignored/>
  </testcase> <!-- @AfterSuite tearDownSuite -->
  <testcase classname="com.sqcm.group4.Selenium.BaseTest" name="@BeforeSuite setupSuite" time="0.0">
    <ignored/>
  </testcase> <!-- @BeforeSuite setupSuite -->
  <testcase classname="com.sqcm.group4.Selenium.BaseTest" name="@AfterSuite tearDownSuite" time="0.0">
    <ignored/>
  </testcase> <!-- @AfterSuite tearDownSuite -->
</testsuite> <!-- Assignment Automation Tests -->
